<?xml version="1.0" encoding="UTF-8"?>
<!-- Generated by org.testng.reporters.JUnitReportReporter -->
<testsuite hostname="AGD01" name="tests.TestNG" tests="1" failures="0" timestamp="29 Mar 2014 04:42:54 GMT" time="27.141" errors="0">
  <testcase name="testMyfirstwebdriver" time="27.141" classname="tests.TestNG"/>
</testsuite> <!-- tests.TestNG -->
